<?xml version="1.0" encoding="UTF-8"?>
<!-- Generated by org.testng.reporters.JUnitReportReporter -->
<testsuite hostname="ISL-PC-184" failures="0" tests="1" name="irctc_Testcases.Testcases" time="25.934" errors="0" timestamp="2023-08-07T15:38:11 IST" skipped="0">
  <testcase classname="irctc_Testcases.Testcases" name="search" time="25.934"/>
</testsuite> <!-- irctc_Testcases.Testcases -->
