<?xml version="1.0" encoding="UTF-8"?>
<!-- Generated by org.testng.reporters.JUnitReportReporter -->
<testsuite hostname="ISL-PC-184" failures="0" tests="1" name="testcases.Login" time="8.380" errors="0" timestamp="2023-08-03T12:06:05 IST" skipped="0">
  <testcase classname="testcases.Login" name="login" time="8.380"/>
</testsuite> <!-- testcases.Login -->
